<?xml version="1.0" encoding="UTF-8"?>
<testsuite name="system.ksiegowy.SystemKsiegowyTest" tests="1" skipped="0" failures="0" errors="0" timestamp="2022-08-31T07:06:31" hostname="Krzysztofs-MacBook-Pro.local" time="0.026">
  <properties/>
  <testcase name="checkIfVacationIsAdded()" classname="system.ksiegowy.SystemKsiegowyTest" time="0.026"/>
  <system-out><![CDATA[]]></system-out>
  <system-err><![CDATA[]]></system-err>
</testsuite>
